2023/03/06 13:53:06 [notice] 1#1: using the "epoll" event method
2023/03/06 13:53:06 [notice] 1#1: nginx/1.23.1
2023/03/06 13:53:06 [notice] 1#1: built by gcc 10.2.1 20210110 (Debian 10.2.1-6) 
2023/03/06 13:53:06 [notice] 1#1: OS: Linux 5.10.104-linuxkit
2023/03/06 13:53:06 [notice] 1#1: getrlimit(RLIMIT_NOFILE): 1048576:1048576
2023/03/06 13:53:06 [notice] 1#1: start worker processes
2023/03/06 13:53:06 [notice] 1#1: start worker process 22
2023/03/06 13:53:06 [notice] 1#1: start worker process 23
2023/03/06 13:53:06 [notice] 1#1: start worker process 24
2023/03/06 13:53:06 [notice] 1#1: start worker process 25
2023/03/06 13:53:06 [notice] 1#1: start worker process 26
2023/03/06 13:53:06 [notice] 1#1: start worker process 27
2023/03/06 13:53:06 [notice] 1#1: start worker process 28
2023/03/06 13:53:06 [notice] 1#1: start worker process 29
2023/03/06 13:59:23 [notice] 1#1: signal 3 (SIGQUIT) received, shutting down
2023/03/06 13:59:23 [notice] 24#24: gracefully shutting down
2023/03/06 13:59:23 [notice] 24#24: exiting
2023/03/06 13:59:23 [notice] 25#25: gracefully shutting down
2023/03/06 13:59:23 [notice] 25#25: exiting
2023/03/06 13:59:23 [notice] 26#26: gracefully shutting down
2023/03/06 13:59:23 [notice] 26#26: exiting
2023/03/06 13:59:23 [notice] 22#22: gracefully shutting down
2023/03/06 13:59:23 [notice] 22#22: exiting
2023/03/06 13:59:23 [notice] 28#28: gracefully shutting down
2023/03/06 13:59:23 [notice] 28#28: exiting
2023/03/06 13:59:23 [notice] 27#27: gracefully shutting down
2023/03/06 13:59:23 [notice] 27#27: exiting
2023/03/06 13:59:23 [notice] 23#23: gracefully shutting down
2023/03/06 13:59:23 [notice] 23#23: exiting
2023/03/06 13:59:23 [notice] 29#29: gracefully shutting down
2023/03/06 13:59:23 [notice] 29#29: exiting
2023/03/06 13:59:23 [notice] 24#24: exit
2023/03/06 13:59:23 [notice] 25#25: exit
2023/03/06 13:59:23 [notice] 26#26: exit
2023/03/06 13:59:23 [notice] 22#22: exit
2023/03/06 13:59:23 [notice] 28#28: exit
2023/03/06 13:59:23 [notice] 27#27: exit
2023/03/06 13:59:23 [notice] 23#23: exit
2023/03/06 13:59:23 [notice] 29#29: exit
2023/03/06 13:59:24 [notice] 1#1: signal 17 (SIGCHLD) received from 24
2023/03/06 13:59:24 [notice] 1#1: worker process 24 exited with code 0
2023/03/06 13:59:24 [notice] 1#1: signal 29 (SIGIO) received
2023/03/06 13:59:24 [notice] 1#1: signal 17 (SIGCHLD) received from 25
2023/03/06 13:59:24 [notice] 1#1: worker process 22 exited with code 0
2023/03/06 13:59:24 [notice] 1#1: worker process 25 exited with code 0
2023/03/06 13:59:24 [notice] 1#1: worker process 27 exited with code 0
2023/03/06 13:59:24 [notice] 1#1: signal 29 (SIGIO) received
2023/03/06 13:59:24 [notice] 1#1: signal 17 (SIGCHLD) received from 27
2023/03/06 13:59:24 [notice] 1#1: worker process 26 exited with code 0
2023/03/06 13:59:24 [notice] 1#1: signal 29 (SIGIO) received
2023/03/06 13:59:24 [notice] 1#1: signal 17 (SIGCHLD) received from 29
2023/03/06 13:59:24 [notice] 1#1: worker process 23 exited with code 0
2023/03/06 13:59:24 [notice] 1#1: worker process 28 exited with code 0
2023/03/06 13:59:24 [notice] 1#1: worker process 29 exited with code 0
2023/03/06 13:59:24 [notice] 1#1: exit
2023/03/06 13:59:25 [notice] 1#1: using the "epoll" event method
2023/03/06 13:59:25 [notice] 1#1: nginx/1.23.1
2023/03/06 13:59:25 [notice] 1#1: built by gcc 10.2.1 20210110 (Debian 10.2.1-6) 
2023/03/06 13:59:25 [notice] 1#1: OS: Linux 5.10.104-linuxkit
2023/03/06 13:59:25 [notice] 1#1: getrlimit(RLIMIT_NOFILE): 1048576:1048576
2023/03/06 13:59:25 [notice] 1#1: start worker processes
2023/03/06 13:59:25 [notice] 1#1: start worker process 22
2023/03/06 13:59:25 [notice] 1#1: start worker process 23
2023/03/06 13:59:25 [notice] 1#1: start worker process 24
2023/03/06 13:59:25 [notice] 1#1: start worker process 25
2023/03/06 13:59:25 [notice] 1#1: start worker process 26
2023/03/06 13:59:25 [notice] 1#1: start worker process 27
2023/03/06 13:59:25 [notice] 1#1: start worker process 28
2023/03/06 13:59:25 [notice] 1#1: start worker process 29
2023/03/06 14:08:15 [notice] 1#1: signal 3 (SIGQUIT) received, shutting down
2023/03/06 14:08:15 [notice] 23#23: gracefully shutting down
2023/03/06 14:08:15 [notice] 23#23: exiting
2023/03/06 14:08:15 [notice] 25#25: gracefully shutting down
2023/03/06 14:08:15 [notice] 25#25: exiting
2023/03/06 14:08:15 [notice] 22#22: gracefully shutting down
2023/03/06 14:08:15 [notice] 22#22: exiting
2023/03/06 14:08:15 [notice] 26#26: gracefully shutting down
2023/03/06 14:08:15 [notice] 24#24: gracefully shutting down
2023/03/06 14:08:15 [notice] 24#24: exiting
2023/03/06 14:08:15 [notice] 27#27: gracefully shutting down
2023/03/06 14:08:15 [notice] 27#27: exiting
2023/03/06 14:08:15 [notice] 28#28: gracefully shutting down
2023/03/06 14:08:15 [notice] 28#28: exiting
2023/03/06 14:08:15 [notice] 29#29: gracefully shutting down
2023/03/06 14:08:15 [notice] 29#29: exiting
2023/03/06 14:08:15 [notice] 23#23: exit
2023/03/06 14:08:15 [notice] 25#25: exit
2023/03/06 14:08:15 [notice] 22#22: exit
2023/03/06 14:08:15 [notice] 26#26: exiting
2023/03/06 14:08:15 [notice] 24#24: exit
2023/03/06 14:08:15 [notice] 27#27: exit
2023/03/06 14:08:15 [notice] 28#28: exit
2023/03/06 14:08:15 [notice] 29#29: exit
2023/03/06 14:08:15 [notice] 26#26: exit
2023/03/06 14:08:15 [notice] 1#1: signal 17 (SIGCHLD) received from 23
2023/03/06 14:08:15 [notice] 1#1: worker process 23 exited with code 0
2023/03/06 14:08:15 [notice] 1#1: worker process 25 exited with code 0
2023/03/06 14:08:15 [notice] 1#1: worker process 24 exited with code 0
2023/03/06 14:08:15 [notice] 1#1: signal 29 (SIGIO) received
2023/03/06 14:08:15 [notice] 1#1: signal 17 (SIGCHLD) received from 25
2023/03/06 14:08:15 [notice] 1#1: worker process 22 exited with code 0
2023/03/06 14:08:15 [notice] 1#1: worker process 29 exited with code 0
2023/03/06 14:08:15 [notice] 1#1: signal 29 (SIGIO) received
2023/03/06 14:08:15 [notice] 1#1: signal 17 (SIGCHLD) received from 22
2023/03/06 14:08:15 [notice] 1#1: signal 17 (SIGCHLD) received from 26
2023/03/06 14:08:15 [notice] 1#1: worker process 26 exited with code 0
2023/03/06 14:08:15 [notice] 1#1: worker process 27 exited with code 0
2023/03/06 14:08:15 [notice] 1#1: worker process 28 exited with code 0
2023/03/06 14:08:15 [notice] 1#1: exit
2023/03/06 14:08:33 [notice] 1#1: using the "epoll" event method
2023/03/06 14:08:33 [notice] 1#1: nginx/1.23.1
2023/03/06 14:08:33 [notice] 1#1: built by gcc 10.2.1 20210110 (Debian 10.2.1-6) 
2023/03/06 14:08:33 [notice] 1#1: OS: Linux 5.10.104-linuxkit
2023/03/06 14:08:33 [notice] 1#1: getrlimit(RLIMIT_NOFILE): 1048576:1048576
2023/03/06 14:08:33 [notice] 1#1: start worker processes
2023/03/06 14:08:33 [notice] 1#1: start worker process 22
2023/03/06 14:08:33 [notice] 1#1: start worker process 23
2023/03/06 14:08:33 [notice] 1#1: start worker process 24
2023/03/06 14:08:33 [notice] 1#1: start worker process 25
2023/03/06 14:08:33 [notice] 1#1: start worker process 26
2023/03/06 14:08:33 [notice] 1#1: start worker process 27
2023/03/06 14:08:33 [notice] 1#1: start worker process 28
2023/03/06 14:08:33 [notice] 1#1: start worker process 29
2023/03/07 00:57:34 [notice] 1#1: using the "epoll" event method
2023/03/07 00:57:34 [notice] 1#1: nginx/1.23.1
2023/03/07 00:57:34 [notice] 1#1: built by gcc 10.2.1 20210110 (Debian 10.2.1-6) 
2023/03/07 00:57:34 [notice] 1#1: OS: Linux 5.10.104-linuxkit
2023/03/07 00:57:34 [notice] 1#1: getrlimit(RLIMIT_NOFILE): 1048576:1048576
2023/03/07 00:57:34 [notice] 1#1: start worker processes
2023/03/07 00:57:34 [notice] 1#1: start worker process 22
2023/03/07 00:57:34 [notice] 1#1: start worker process 23
2023/03/07 00:57:34 [notice] 1#1: start worker process 24
2023/03/07 00:57:34 [notice] 1#1: start worker process 25
2023/03/07 00:57:34 [notice] 1#1: start worker process 26
2023/03/07 00:57:34 [notice] 1#1: start worker process 27
2023/03/07 00:57:34 [notice] 1#1: start worker process 28
2023/03/07 00:57:34 [notice] 1#1: start worker process 29
2023/03/07 10:49:13 [notice] 1#1: using the "epoll" event method
2023/03/07 10:49:13 [notice] 1#1: nginx/1.23.1
2023/03/07 10:49:13 [notice] 1#1: built by gcc 10.2.1 20210110 (Debian 10.2.1-6) 
2023/03/07 10:49:13 [notice] 1#1: OS: Linux 5.10.104-linuxkit
2023/03/07 10:49:13 [notice] 1#1: getrlimit(RLIMIT_NOFILE): 1048576:1048576
2023/03/07 10:49:13 [notice] 1#1: start worker processes
2023/03/07 10:49:13 [notice] 1#1: start worker process 22
2023/03/07 10:49:13 [notice] 1#1: start worker process 23
2023/03/07 10:49:13 [notice] 1#1: start worker process 24
2023/03/07 10:49:13 [notice] 1#1: start worker process 25
2023/03/07 10:49:13 [notice] 1#1: start worker process 26
2023/03/07 10:49:13 [notice] 1#1: start worker process 27
2023/03/07 10:49:13 [notice] 1#1: start worker process 28
2023/03/07 10:49:13 [notice] 1#1: start worker process 29
2023/03/09 10:51:08 [notice] 1#1: using the "epoll" event method
2023/03/09 10:51:08 [notice] 1#1: nginx/1.23.1
2023/03/09 10:51:08 [notice] 1#1: built by gcc 10.2.1 20210110 (Debian 10.2.1-6) 
2023/03/09 10:51:08 [notice] 1#1: OS: Linux 5.10.104-linuxkit
2023/03/09 10:51:08 [notice] 1#1: getrlimit(RLIMIT_NOFILE): 1048576:1048576
2023/03/09 10:51:08 [notice] 1#1: start worker processes
2023/03/09 10:51:08 [notice] 1#1: start worker process 22
2023/03/09 10:51:08 [notice] 1#1: start worker process 23
2023/03/09 10:51:08 [notice] 1#1: start worker process 24
2023/03/09 10:51:08 [notice] 1#1: start worker process 25
2023/03/09 10:51:08 [notice] 1#1: start worker process 26
2023/03/09 10:51:08 [notice] 1#1: start worker process 27
2023/03/09 10:51:08 [notice] 1#1: start worker process 28
2023/03/09 10:51:08 [notice] 1#1: start worker process 29
2023/03/09 11:01:10 [notice] 1#1: using the "epoll" event method
2023/03/09 11:01:10 [notice] 1#1: nginx/1.23.1
2023/03/09 11:01:10 [notice] 1#1: built by gcc 10.2.1 20210110 (Debian 10.2.1-6) 
2023/03/09 11:01:10 [notice] 1#1: OS: Linux 5.10.104-linuxkit
2023/03/09 11:01:10 [notice] 1#1: getrlimit(RLIMIT_NOFILE): 1048576:1048576
2023/03/09 11:01:10 [notice] 1#1: start worker processes
2023/03/09 11:01:10 [notice] 1#1: start worker process 22
2023/03/09 11:01:10 [notice] 1#1: start worker process 23
2023/03/09 11:01:10 [notice] 1#1: start worker process 24
2023/03/09 11:01:10 [notice] 1#1: start worker process 25
2023/03/09 11:01:10 [notice] 1#1: start worker process 26
2023/03/09 11:01:10 [notice] 1#1: start worker process 27
2023/03/09 11:01:10 [notice] 1#1: start worker process 28
2023/03/09 11:01:10 [notice] 1#1: start worker process 29
2023/03/10 01:26:50 [notice] 1#1: using the "epoll" event method
2023/03/10 01:26:50 [notice] 1#1: nginx/1.23.1
2023/03/10 01:26:50 [notice] 1#1: built by gcc 10.2.1 20210110 (Debian 10.2.1-6) 
2023/03/10 01:26:50 [notice] 1#1: OS: Linux 5.10.104-linuxkit
2023/03/10 01:26:50 [notice] 1#1: getrlimit(RLIMIT_NOFILE): 1048576:1048576
2023/03/10 01:26:50 [notice] 1#1: start worker processes
2023/03/10 01:26:50 [notice] 1#1: start worker process 22
2023/03/10 01:26:50 [notice] 1#1: start worker process 23
2023/03/10 01:26:50 [notice] 1#1: start worker process 24
2023/03/10 01:26:50 [notice] 1#1: start worker process 25
2023/03/10 01:26:50 [notice] 1#1: start worker process 26
2023/03/10 01:26:50 [notice] 1#1: start worker process 27
2023/03/10 01:26:50 [notice] 1#1: start worker process 28
2023/03/10 01:26:50 [notice] 1#1: start worker process 29
2023/03/10 02:03:05 [notice] 23#23: signal 15 (SIGTERM) received, exiting
2023/03/10 02:03:05 [notice] 23#23: exiting
2023/03/10 02:03:05 [notice] 28#28: signal 15 (SIGTERM) received, exiting
2023/03/10 02:03:05 [notice] 28#28: exiting
2023/03/10 02:03:05 [notice] 24#24: signal 15 (SIGTERM) received, exiting
2023/03/10 02:03:05 [notice] 24#24: exiting
2023/03/10 02:06:30 [notice] 1#1: using the "epoll" event method
2023/03/10 02:06:30 [notice] 1#1: nginx/1.23.1
2023/03/10 02:06:30 [notice] 1#1: built by gcc 10.2.1 20210110 (Debian 10.2.1-6) 
2023/03/10 02:06:30 [notice] 1#1: OS: Linux 5.10.104-linuxkit
2023/03/10 02:06:30 [notice] 1#1: getrlimit(RLIMIT_NOFILE): 1048576:1048576
2023/03/10 02:06:30 [notice] 1#1: start worker processes
2023/03/10 02:06:30 [notice] 1#1: start worker process 22
2023/03/10 02:06:30 [notice] 1#1: start worker process 23
2023/03/10 02:06:30 [notice] 1#1: start worker process 24
2023/03/10 02:06:30 [notice] 1#1: start worker process 25
2023/03/10 02:06:30 [notice] 1#1: start worker process 26
2023/03/10 02:06:30 [notice] 1#1: start worker process 27
2023/03/10 02:06:30 [notice] 1#1: start worker process 28
2023/03/10 02:06:30 [notice] 1#1: start worker process 29
2023/03/10 02:16:17 [notice] 26#26: signal 15 (SIGTERM) received, exiting
2023/03/10 02:16:17 [notice] 1#1: signal 15 (SIGTERM) received, exiting
2023/03/10 02:16:17 [notice] 23#23: signal 15 (SIGTERM) received, exiting
2023/03/10 02:16:17 [notice] 23#23: exiting
2023/03/10 02:16:17 [notice] 29#29: signal 15 (SIGTERM) received, exiting
2023/03/10 02:16:17 [notice] 22#22: signal 15 (SIGTERM) received, exiting
2023/03/10 02:16:17 [notice] 22#22: exiting
2023/03/10 02:16:17 [notice] 28#28: signal 15 (SIGTERM) received, exiting
2023/03/10 02:16:17 [notice] 28#28: exiting
2023/03/10 02:16:17 [notice] 27#27: signal 15 (SIGTERM) received, exiting
2023/03/10 02:16:17 [notice] 27#27: exiting
2023/03/10 02:16:17 [notice] 25#25: signal 15 (SIGTERM) received, exiting
2023/03/10 02:16:17 [notice] 24#24: signal 15 (SIGTERM) received, exiting
2023/03/10 02:16:17 [notice] 24#24: exiting
2023/03/10 02:16:17 [notice] 26#26: exiting
2023/03/10 02:16:17 [notice] 23#23: exit
2023/03/10 02:16:17 [notice] 29#29: exiting
2023/03/10 02:16:17 [notice] 22#22: exit
2023/03/10 02:16:17 [notice] 28#28: exit
2023/03/10 02:16:17 [notice] 27#27: exit
2023/03/10 02:16:17 [notice] 25#25: exiting
2023/03/10 02:16:17 [notice] 24#24: exit
2023/03/10 02:16:17 [notice] 26#26: exit
2023/03/10 02:16:17 [notice] 29#29: exit
2023/03/10 02:16:17 [notice] 25#25: exit
2023/03/10 02:16:17 [notice] 1#1: signal 17 (SIGCHLD) received from 22
2023/03/10 02:16:17 [notice] 1#1: worker process 22 exited with code 0
2023/03/10 02:16:17 [notice] 1#1: worker process 23 exited with code 0
2023/03/10 02:16:17 [notice] 1#1: worker process 26 exited with code 0
2023/03/10 02:16:17 [notice] 1#1: worker process 28 exited with code 0
2023/03/10 02:16:17 [notice] 1#1: signal 29 (SIGIO) received
2023/03/10 02:16:17 [notice] 1#1: signal 17 (SIGCHLD) received from 26
2023/03/10 02:16:17 [notice] 1#1: worker process 24 exited with code 0
2023/03/10 02:16:17 [notice] 1#1: signal 29 (SIGIO) received
2023/03/10 02:16:17 [notice] 1#1: signal 17 (SIGCHLD) received from 25
2023/03/10 02:16:17 [notice] 1#1: worker process 25 exited with code 0
2023/03/10 02:16:17 [notice] 1#1: worker process 27 exited with code 0
2023/03/10 02:16:17 [notice] 1#1: worker process 29 exited with code 0
2023/03/10 02:16:17 [notice] 1#1: exit
2023/03/10 02:19:54 [notice] 1#1: using the "epoll" event method
2023/03/10 02:19:54 [notice] 1#1: nginx/1.23.1
2023/03/10 02:19:54 [notice] 1#1: built by gcc 10.2.1 20210110 (Debian 10.2.1-6) 
2023/03/10 02:19:54 [notice] 1#1: OS: Linux 5.10.104-linuxkit
2023/03/10 02:19:54 [notice] 1#1: getrlimit(RLIMIT_NOFILE): 1048576:1048576
2023/03/10 02:19:54 [notice] 1#1: start worker processes
2023/03/10 02:19:54 [notice] 1#1: start worker process 22
2023/03/10 02:19:54 [notice] 1#1: start worker process 23
2023/03/10 02:19:54 [notice] 1#1: start worker process 24
2023/03/10 02:19:54 [notice] 1#1: start worker process 25
2023/03/10 02:19:54 [notice] 1#1: start worker process 26
2023/03/10 02:19:54 [notice] 1#1: start worker process 27
2023/03/10 02:19:54 [notice] 1#1: start worker process 28
2023/03/10 02:19:54 [notice] 1#1: start worker process 29
2023/03/10 04:59:53 [notice] 1#1: signal 3 (SIGQUIT) received, shutting down
2023/03/10 04:59:53 [notice] 22#22: gracefully shutting down
2023/03/10 04:59:53 [notice] 23#23: gracefully shutting down
2023/03/10 04:59:53 [notice] 28#28: gracefully shutting down
2023/03/10 04:59:53 [notice] 27#27: gracefully shutting down
2023/03/10 04:59:53 [notice] 29#29: gracefully shutting down
2023/03/10 04:59:53 [notice] 24#24: gracefully shutting down
2023/03/10 04:59:53 [notice] 25#25: gracefully shutting down
2023/03/10 04:59:53 [notice] 26#26: gracefully shutting down
2023/03/10 04:59:53 [notice] 22#22: exiting
2023/03/10 04:59:53 [notice] 23#23: exiting
2023/03/10 04:59:53 [notice] 28#28: exiting
2023/03/10 04:59:53 [notice] 27#27: exiting
2023/03/10 04:59:53 [notice] 29#29: exiting
2023/03/10 04:59:53 [notice] 24#24: exiting
2023/03/10 04:59:53 [notice] 25#25: exiting
2023/03/10 04:59:53 [notice] 26#26: exiting
2023/03/10 04:59:53 [notice] 22#22: exit
2023/03/10 04:59:53 [notice] 23#23: exit
2023/03/10 04:59:53 [notice] 28#28: exit
2023/03/10 04:59:53 [notice] 27#27: exit
2023/03/10 04:59:53 [notice] 29#29: exit
2023/03/10 04:59:53 [notice] 24#24: exit
2023/03/10 04:59:53 [notice] 25#25: exit
2023/03/10 04:59:53 [notice] 26#26: exit
2023/03/10 04:59:53 [notice] 1#1: signal 17 (SIGCHLD) received from 28
2023/03/10 04:59:53 [notice] 1#1: worker process 28 exited with code 0
2023/03/10 04:59:53 [notice] 1#1: signal 29 (SIGIO) received
2023/03/10 04:59:53 [notice] 1#1: signal 17 (SIGCHLD) received from 24
2023/03/10 04:59:53 [notice] 1#1: worker process 22 exited with code 0
2023/03/10 04:59:53 [notice] 1#1: worker process 23 exited with code 0
2023/03/10 04:59:53 [notice] 1#1: worker process 24 exited with code 0
2023/03/10 04:59:53 [notice] 1#1: worker process 26 exited with code 0
2023/03/10 04:59:53 [notice] 1#1: worker process 27 exited with code 0
2023/03/10 04:59:53 [notice] 1#1: signal 29 (SIGIO) received
2023/03/10 04:59:53 [notice] 1#1: signal 17 (SIGCHLD) received from 23
2023/03/10 04:59:53 [notice] 1#1: worker process 29 exited with code 0
2023/03/10 04:59:53 [notice] 1#1: signal 29 (SIGIO) received
2023/03/10 04:59:53 [notice] 1#1: signal 17 (SIGCHLD) received from 29
2023/03/10 04:59:53 [notice] 1#1: signal 17 (SIGCHLD) received from 25
2023/03/10 04:59:53 [notice] 1#1: worker process 25 exited with code 0
2023/03/10 04:59:53 [notice] 1#1: exit
2023/03/10 05:00:22 [notice] 1#1: using the "epoll" event method
2023/03/10 05:00:22 [notice] 1#1: nginx/1.23.1
2023/03/10 05:00:22 [notice] 1#1: built by gcc 10.2.1 20210110 (Debian 10.2.1-6) 
2023/03/10 05:00:22 [notice] 1#1: OS: Linux 5.10.104-linuxkit
2023/03/10 05:00:22 [notice] 1#1: getrlimit(RLIMIT_NOFILE): 1048576:1048576
2023/03/10 05:00:22 [notice] 1#1: start worker processes
2023/03/10 05:00:22 [notice] 1#1: start worker process 23
2023/03/10 05:00:22 [notice] 1#1: start worker process 24
2023/03/10 05:00:22 [notice] 1#1: start worker process 25
2023/03/10 05:00:22 [notice] 1#1: start worker process 26
2023/03/10 05:00:22 [notice] 1#1: start worker process 27
2023/03/10 05:00:22 [notice] 1#1: start worker process 28
2023/03/10 05:00:22 [notice] 1#1: start worker process 29
2023/03/10 05:00:22 [notice] 1#1: start worker process 30
2023/03/14 03:06:46 [notice] 1#1: using the "epoll" event method
2023/03/14 03:06:46 [notice] 1#1: nginx/1.23.1
2023/03/14 03:06:46 [notice] 1#1: built by gcc 10.2.1 20210110 (Debian 10.2.1-6) 
2023/03/14 03:06:46 [notice] 1#1: OS: Linux 5.10.104-linuxkit
2023/03/14 03:06:46 [notice] 1#1: getrlimit(RLIMIT_NOFILE): 1048576:1048576
2023/03/14 03:06:46 [notice] 1#1: start worker processes
2023/03/14 03:06:46 [notice] 1#1: start worker process 22
2023/03/14 03:06:46 [notice] 1#1: start worker process 23
2023/03/14 03:06:46 [notice] 1#1: start worker process 24
2023/03/14 03:06:46 [notice] 1#1: start worker process 25
2023/03/14 03:06:46 [notice] 1#1: start worker process 26
2023/03/14 03:06:46 [notice] 1#1: start worker process 27
2023/03/14 03:06:46 [notice] 1#1: start worker process 28
2023/03/14 03:06:46 [notice] 1#1: start worker process 29
2023/03/14 09:13:13 [notice] 1#1: using the "epoll" event method
2023/03/14 09:13:13 [notice] 1#1: nginx/1.23.1
2023/03/14 09:13:13 [notice] 1#1: built by gcc 10.2.1 20210110 (Debian 10.2.1-6) 
2023/03/14 09:13:13 [notice] 1#1: OS: Linux 5.10.104-linuxkit
2023/03/14 09:13:13 [notice] 1#1: getrlimit(RLIMIT_NOFILE): 1048576:1048576
2023/03/14 09:13:13 [notice] 1#1: start worker processes
2023/03/14 09:13:13 [notice] 1#1: start worker process 22
2023/03/14 09:13:13 [notice] 1#1: start worker process 23
2023/03/14 09:13:13 [notice] 1#1: start worker process 24
2023/03/14 09:13:13 [notice] 1#1: start worker process 25
2023/03/14 09:13:13 [notice] 1#1: start worker process 26
2023/03/14 09:13:13 [notice] 1#1: start worker process 27
2023/03/14 09:13:13 [notice] 1#1: start worker process 28
2023/03/14 09:13:13 [notice] 1#1: start worker process 29
2023/03/14 09:14:25 [notice] 1#1: using the "epoll" event method
2023/03/14 09:14:25 [notice] 1#1: nginx/1.23.1
2023/03/14 09:14:25 [notice] 1#1: built by gcc 10.2.1 20210110 (Debian 10.2.1-6) 
2023/03/14 09:14:25 [notice] 1#1: OS: Linux 5.10.104-linuxkit
2023/03/14 09:14:25 [notice] 1#1: getrlimit(RLIMIT_NOFILE): 1048576:1048576
2023/03/14 09:14:25 [notice] 1#1: start worker processes
2023/03/14 09:14:25 [notice] 1#1: start worker process 22
2023/03/14 09:14:25 [notice] 1#1: start worker process 23
2023/03/14 09:14:25 [notice] 1#1: start worker process 24
2023/03/14 09:14:25 [notice] 1#1: start worker process 25
2023/03/14 09:14:25 [notice] 1#1: start worker process 26
2023/03/14 09:14:25 [notice] 1#1: start worker process 27
2023/03/14 09:14:25 [notice] 1#1: start worker process 28
2023/03/14 09:14:25 [notice] 1#1: start worker process 29
2023/03/15 10:00:53 [notice] 1#1: using the "epoll" event method
2023/03/15 10:00:53 [notice] 1#1: nginx/1.23.1
2023/03/15 10:00:53 [notice] 1#1: built by gcc 10.2.1 20210110 (Debian 10.2.1-6) 
2023/03/15 10:00:53 [notice] 1#1: OS: Linux 5.10.104-linuxkit
2023/03/15 10:00:53 [notice] 1#1: getrlimit(RLIMIT_NOFILE): 1048576:1048576
2023/03/15 10:00:53 [notice] 1#1: start worker processes
2023/03/15 10:00:53 [notice] 1#1: start worker process 22
2023/03/15 10:00:53 [notice] 1#1: start worker process 23
2023/03/15 10:00:53 [notice] 1#1: start worker process 24
2023/03/15 10:00:53 [notice] 1#1: start worker process 25
2023/03/15 10:00:53 [notice] 1#1: start worker process 26
2023/03/15 10:00:53 [notice] 1#1: start worker process 27
2023/03/15 10:00:53 [notice] 1#1: start worker process 28
2023/03/15 10:00:53 [notice] 1#1: start worker process 29
2023/03/16 10:14:31 [notice] 1#1: using the "epoll" event method
2023/03/16 10:14:31 [notice] 1#1: nginx/1.23.1
2023/03/16 10:14:31 [notice] 1#1: built by gcc 10.2.1 20210110 (Debian 10.2.1-6) 
2023/03/16 10:14:31 [notice] 1#1: OS: Linux 5.10.104-linuxkit
2023/03/16 10:14:31 [notice] 1#1: getrlimit(RLIMIT_NOFILE): 1048576:1048576
2023/03/16 10:14:31 [notice] 1#1: start worker processes
2023/03/16 10:14:31 [notice] 1#1: start worker process 22
2023/03/16 10:14:31 [notice] 1#1: start worker process 23
2023/03/16 10:14:31 [notice] 1#1: start worker process 24
2023/03/16 10:14:31 [notice] 1#1: start worker process 25
2023/03/16 10:14:31 [notice] 1#1: start worker process 26
2023/03/16 10:14:31 [notice] 1#1: start worker process 27
2023/03/16 10:14:31 [notice] 1#1: start worker process 28
2023/03/16 10:14:31 [notice] 1#1: start worker process 29
2023/03/23 06:49:12 [notice] 1#1: using the "epoll" event method
2023/03/23 06:49:12 [notice] 1#1: nginx/1.23.1
2023/03/23 06:49:12 [notice] 1#1: built by gcc 10.2.1 20210110 (Debian 10.2.1-6) 
2023/03/23 06:49:12 [notice] 1#1: OS: Linux 5.10.104-linuxkit
2023/03/23 06:49:12 [notice] 1#1: getrlimit(RLIMIT_NOFILE): 1048576:1048576
2023/03/23 06:49:12 [notice] 1#1: start worker processes
2023/03/23 06:49:12 [notice] 1#1: start worker process 22
2023/03/23 06:49:12 [notice] 1#1: start worker process 23
2023/03/23 06:49:12 [notice] 1#1: start worker process 24
2023/03/23 06:49:12 [notice] 1#1: start worker process 25
2023/03/23 06:49:12 [notice] 1#1: start worker process 26
2023/03/23 06:49:12 [notice] 1#1: start worker process 27
2023/03/23 06:49:12 [notice] 1#1: start worker process 28
2023/03/23 06:49:12 [notice] 1#1: start worker process 29
2023/03/26 14:20:13 [notice] 1#1: signal 3 (SIGQUIT) received, shutting down
2023/03/26 14:20:13 [notice] 23#23: gracefully shutting down
2023/03/26 14:20:13 [notice] 25#25: gracefully shutting down
2023/03/26 14:20:13 [notice] 24#24: gracefully shutting down
2023/03/26 14:20:13 [notice] 24#24: exiting
2023/03/26 14:20:13 [notice] 27#27: gracefully shutting down
2023/03/26 14:20:13 [notice] 28#28: gracefully shutting down
2023/03/26 14:20:13 [notice] 29#29: gracefully shutting down
2023/03/26 14:20:13 [notice] 26#26: gracefully shutting down
2023/03/26 14:20:13 [notice] 26#26: exiting
2023/03/26 14:20:13 [notice] 22#22: gracefully shutting down
2023/03/26 14:20:13 [notice] 22#22: exiting
2023/03/26 14:20:13 [notice] 22#22: exit
2023/03/26 14:20:13 [notice] 23#23: exiting
2023/03/26 14:20:13 [notice] 23#23: exit
2023/03/26 14:20:13 [notice] 25#25: exiting
2023/03/26 14:20:13 [notice] 24#24: exit
2023/03/26 14:20:13 [notice] 28#28: exiting
2023/03/26 14:20:13 [notice] 27#27: exiting
2023/03/26 14:20:13 [notice] 29#29: exiting
2023/03/26 14:20:13 [notice] 26#26: exit
2023/03/26 14:20:13 [notice] 25#25: exit
2023/03/26 14:20:13 [notice] 27#27: exit
2023/03/26 14:20:13 [notice] 28#28: exit
2023/03/26 14:20:13 [notice] 29#29: exit
2023/03/26 14:20:13 [notice] 1#1: signal 17 (SIGCHLD) received from 23
2023/03/26 14:20:13 [notice] 1#1: worker process 23 exited with code 0
2023/03/26 14:20:13 [notice] 1#1: worker process 24 exited with code 0
2023/03/26 14:20:13 [notice] 1#1: worker process 26 exited with code 0
2023/03/26 14:20:13 [notice] 1#1: signal 29 (SIGIO) received
2023/03/26 14:20:13 [notice] 1#1: signal 17 (SIGCHLD) received from 26
2023/03/26 14:20:13 [notice] 1#1: signal 17 (SIGCHLD) received from 25
2023/03/26 14:20:13 [notice] 1#1: worker process 22 exited with code 0
2023/03/26 14:20:13 [notice] 1#1: worker process 25 exited with code 0
2023/03/26 14:20:13 [notice] 1#1: worker process 27 exited with code 0
2023/03/26 14:20:13 [notice] 1#1: signal 29 (SIGIO) received
2023/03/26 14:20:13 [notice] 1#1: signal 17 (SIGCHLD) received from 29
2023/03/26 14:20:13 [notice] 1#1: worker process 28 exited with code 0
2023/03/26 14:20:13 [notice] 1#1: worker process 29 exited with code 0
2023/03/26 14:20:13 [notice] 1#1: exit
2023/03/26 14:20:19 [notice] 1#1: using the "epoll" event method
2023/03/26 14:20:19 [notice] 1#1: nginx/1.23.1
2023/03/26 14:20:19 [notice] 1#1: built by gcc 10.2.1 20210110 (Debian 10.2.1-6) 
2023/03/26 14:20:19 [notice] 1#1: OS: Linux 5.10.104-linuxkit
2023/03/26 14:20:19 [notice] 1#1: getrlimit(RLIMIT_NOFILE): 1048576:1048576
2023/03/26 14:20:19 [notice] 1#1: start worker processes
2023/03/26 14:20:19 [notice] 1#1: start worker process 22
2023/03/26 14:20:19 [notice] 1#1: start worker process 23
2023/03/26 14:20:19 [notice] 1#1: start worker process 24
2023/03/26 14:20:19 [notice] 1#1: start worker process 25
2023/03/26 14:20:19 [notice] 1#1: start worker process 26
2023/03/26 14:20:19 [notice] 1#1: start worker process 27
2023/03/26 14:20:19 [notice] 1#1: start worker process 28
2023/03/26 14:20:19 [notice] 1#1: start worker process 29
2023/03/27 03:12:34 [notice] 24#24: signal 15 (SIGTERM) received, exiting
2023/03/27 04:29:02 [notice] 1#1: using the "epoll" event method
2023/03/27 04:29:02 [notice] 1#1: nginx/1.23.1
2023/03/27 04:29:02 [notice] 1#1: built by gcc 10.2.1 20210110 (Debian 10.2.1-6) 
2023/03/27 04:29:02 [notice] 1#1: OS: Linux 5.10.104-linuxkit
2023/03/27 04:29:02 [notice] 1#1: getrlimit(RLIMIT_NOFILE): 1048576:1048576
2023/03/27 04:29:02 [notice] 1#1: start worker processes
2023/03/27 04:29:02 [notice] 1#1: start worker process 22
2023/03/27 04:29:02 [notice] 1#1: start worker process 23
2023/03/27 04:29:02 [notice] 1#1: start worker process 24
2023/03/27 04:29:02 [notice] 1#1: start worker process 25
2023/03/27 04:29:02 [notice] 1#1: start worker process 26
2023/03/27 04:29:02 [notice] 1#1: start worker process 27
2023/03/27 04:29:02 [notice] 1#1: start worker process 28
2023/03/27 04:29:02 [notice] 1#1: start worker process 29
2023/04/01 13:04:49 [notice] 1#1: using the "epoll" event method
2023/04/01 13:04:49 [notice] 1#1: nginx/1.23.1
2023/04/01 13:04:49 [notice] 1#1: built by gcc 10.2.1 20210110 (Debian 10.2.1-6) 
2023/04/01 13:04:49 [notice] 1#1: OS: Linux 5.10.104-linuxkit
2023/04/01 13:04:49 [notice] 1#1: getrlimit(RLIMIT_NOFILE): 1048576:1048576
2023/04/01 13:04:49 [notice] 1#1: start worker processes
2023/04/01 13:04:49 [notice] 1#1: start worker process 22
2023/04/01 13:04:49 [notice] 1#1: start worker process 23
2023/04/01 13:04:49 [notice] 1#1: start worker process 24
2023/04/01 13:04:49 [notice] 1#1: start worker process 25
2023/04/01 13:04:49 [notice] 1#1: start worker process 26
2023/04/01 13:04:49 [notice] 1#1: start worker process 27
2023/04/01 13:04:49 [notice] 1#1: start worker process 28
2023/04/01 13:04:49 [notice] 1#1: start worker process 29
2023/04/07 08:13:38 [notice] 1#1: using the "epoll" event method
2023/04/07 08:13:38 [notice] 1#1: nginx/1.23.1
2023/04/07 08:13:38 [notice] 1#1: built by gcc 10.2.1 20210110 (Debian 10.2.1-6) 
2023/04/07 08:13:38 [notice] 1#1: OS: Linux 5.10.104-linuxkit
2023/04/07 08:13:38 [notice] 1#1: getrlimit(RLIMIT_NOFILE): 1048576:1048576
2023/04/07 08:13:38 [notice] 1#1: start worker processes
2023/04/07 08:13:38 [notice] 1#1: start worker process 22
2023/04/07 08:13:38 [notice] 1#1: start worker process 23
2023/04/07 08:13:38 [notice] 1#1: start worker process 24
2023/04/07 08:13:38 [notice] 1#1: start worker process 25
2023/04/07 08:13:38 [notice] 1#1: start worker process 26
2023/04/07 08:13:38 [notice] 1#1: start worker process 27
2023/04/07 08:13:38 [notice] 1#1: start worker process 28
2023/04/07 08:13:38 [notice] 1#1: start worker process 29
2023/04/10 08:28:05 [notice] 1#1: signal 3 (SIGQUIT) received, shutting down
2023/04/10 08:28:05 [notice] 23#23: gracefully shutting down
2023/04/10 08:28:05 [notice] 22#22: gracefully shutting down
2023/04/10 08:28:05 [notice] 24#24: gracefully shutting down
2023/04/10 08:28:05 [notice] 25#25: gracefully shutting down
2023/04/10 08:28:05 [notice] 22#22: exiting
2023/04/10 08:28:05 [notice] 29#29: gracefully shutting down
2023/04/10 08:28:05 [notice] 28#28: gracefully shutting down
2023/04/10 08:28:05 [notice] 27#27: gracefully shutting down
2023/04/10 08:28:05 [notice] 22#22: exit
2023/04/10 08:28:05 [notice] 26#26: gracefully shutting down
2023/04/10 08:28:05 [notice] 23#23: exiting
2023/04/10 08:28:05 [notice] 25#25: exiting
2023/04/10 08:28:05 [notice] 26#26: exiting
2023/04/10 08:28:05 [notice] 25#25: exit
2023/04/10 08:28:05 [notice] 29#29: exiting
2023/04/10 08:28:05 [notice] 23#23: exit
2023/04/10 08:28:05 [notice] 27#27: exiting
2023/04/10 08:28:05 [notice] 24#24: exiting
2023/04/10 08:28:05 [notice] 28#28: exiting
2023/04/10 08:28:05 [notice] 26#26: exit
2023/04/10 08:28:05 [notice] 29#29: exit
2023/04/10 08:28:05 [notice] 27#27: exit
2023/04/10 08:28:05 [notice] 24#24: exit
2023/04/10 08:28:05 [notice] 28#28: exit
2023/04/10 08:28:05 [notice] 1#1: signal 17 (SIGCHLD) received from 26
2023/04/10 08:28:05 [notice] 1#1: worker process 26 exited with code 0
2023/04/10 08:28:05 [notice] 1#1: worker process 23 exited with code 0
2023/04/10 08:28:05 [notice] 1#1: signal 29 (SIGIO) received
2023/04/10 08:28:05 [notice] 1#1: signal 17 (SIGCHLD) received from 23
2023/04/10 08:28:05 [notice] 1#1: worker process 22 exited with code 0
2023/04/10 08:28:05 [notice] 1#1: worker process 24 exited with code 0
2023/04/10 08:28:05 [notice] 1#1: worker process 25 exited with code 0
2023/04/10 08:28:05 [notice] 1#1: worker process 27 exited with code 0
2023/04/10 08:28:05 [notice] 1#1: worker process 29 exited with code 0
2023/04/10 08:28:05 [notice] 1#1: signal 29 (SIGIO) received
2023/04/10 08:28:05 [notice] 1#1: signal 17 (SIGCHLD) received from 27
2023/04/10 08:28:05 [notice] 1#1: signal 17 (SIGCHLD) received from 28
2023/04/10 08:28:05 [notice] 1#1: worker process 28 exited with code 0
2023/04/10 08:28:05 [notice] 1#1: exit
2023/04/13 13:35:18 [notice] 1#1: using the "epoll" event method
2023/04/13 13:35:18 [notice] 1#1: nginx/1.23.1
2023/04/13 13:35:18 [notice] 1#1: built by gcc 10.2.1 20210110 (Debian 10.2.1-6) 
2023/04/13 13:35:18 [notice] 1#1: OS: Linux 5.10.104-linuxkit
2023/04/13 13:35:18 [notice] 1#1: getrlimit(RLIMIT_NOFILE): 1048576:1048576
2023/04/13 13:35:18 [notice] 1#1: start worker processes
2023/04/13 13:35:18 [notice] 1#1: start worker process 22
2023/04/13 13:35:18 [notice] 1#1: start worker process 23
2023/04/13 13:35:18 [notice] 1#1: start worker process 24
2023/04/13 13:35:18 [notice] 1#1: start worker process 25
2023/04/13 13:35:18 [notice] 1#1: start worker process 26
2023/04/13 13:35:18 [notice] 1#1: start worker process 27
2023/04/13 13:35:18 [notice] 1#1: start worker process 28
2023/04/13 13:35:18 [notice] 1#1: start worker process 29
2023/04/18 02:15:58 [notice] 1#1: using the "epoll" event method
2023/04/18 02:15:58 [notice] 1#1: nginx/1.23.1
2023/04/18 02:15:58 [notice] 1#1: built by gcc 10.2.1 20210110 (Debian 10.2.1-6) 
2023/04/18 02:15:58 [notice] 1#1: OS: Linux 5.10.104-linuxkit
2023/04/18 02:15:58 [notice] 1#1: getrlimit(RLIMIT_NOFILE): 1048576:1048576
2023/04/18 02:15:58 [notice] 1#1: start worker processes
2023/04/18 02:15:58 [notice] 1#1: start worker process 22
2023/04/18 02:15:58 [notice] 1#1: start worker process 23
2023/04/18 02:15:58 [notice] 1#1: start worker process 24
2023/04/18 02:15:58 [notice] 1#1: start worker process 25
2023/04/18 02:15:58 [notice] 1#1: start worker process 26
2023/04/18 02:15:58 [notice] 1#1: start worker process 27
2023/04/18 02:15:58 [notice] 1#1: start worker process 28
2023/04/18 02:15:58 [notice] 1#1: start worker process 29
2023/04/18 04:16:08 [notice] 1#1: signal 3 (SIGQUIT) received, shutting down
2023/04/18 04:16:08 [notice] 22#22: gracefully shutting down
2023/04/18 04:16:08 [notice] 23#23: gracefully shutting down
2023/04/18 04:16:08 [notice] 26#26: gracefully shutting down
2023/04/18 04:16:08 [notice] 27#27: gracefully shutting down
2023/04/18 04:16:08 [notice] 24#24: gracefully shutting down
2023/04/18 04:16:08 [notice] 24#24: exiting
2023/04/18 04:16:08 [notice] 25#25: gracefully shutting down
2023/04/18 04:16:08 [notice] 25#25: exiting
2023/04/18 04:16:08 [notice] 29#29: gracefully shutting down
2023/04/18 04:16:08 [notice] 28#28: gracefully shutting down
2023/04/18 04:16:08 [notice] 22#22: exiting
2023/04/18 04:16:08 [notice] 23#23: exiting
2023/04/18 04:16:08 [notice] 26#26: exiting
2023/04/18 04:16:08 [notice] 27#27: exiting
2023/04/18 04:16:08 [notice] 24#24: exit
2023/04/18 04:16:08 [notice] 25#25: exit
2023/04/18 04:16:08 [notice] 29#29: exiting
2023/04/18 04:16:08 [notice] 28#28: exiting
2023/04/18 04:16:08 [notice] 22#22: exit
2023/04/18 04:16:08 [notice] 23#23: exit
2023/04/18 04:16:08 [notice] 26#26: exit
2023/04/18 04:16:08 [notice] 27#27: exit
2023/04/18 04:16:08 [notice] 29#29: exit
2023/04/18 04:16:08 [notice] 28#28: exit
2023/04/18 04:16:08 [notice] 1#1: signal 17 (SIGCHLD) received from 28
2023/04/18 04:16:08 [notice] 1#1: worker process 22 exited with code 0
2023/04/18 04:16:08 [notice] 1#1: worker process 23 exited with code 0
2023/04/18 04:16:08 [notice] 1#1: worker process 24 exited with code 0
2023/04/18 04:16:08 [notice] 1#1: worker process 27 exited with code 0
2023/04/18 04:16:08 [notice] 1#1: worker process 28 exited with code 0
2023/04/18 04:16:09 [notice] 1#1: signal 29 (SIGIO) received
2023/04/18 04:16:09 [notice] 1#1: signal 17 (SIGCHLD) received from 25
2023/04/18 04:16:09 [notice] 1#1: worker process 25 exited with code 0
2023/04/18 04:16:09 [notice] 1#1: worker process 26 exited with code 0
2023/04/18 04:16:09 [notice] 1#1: signal 29 (SIGIO) received
2023/04/18 04:16:09 [notice] 1#1: signal 17 (SIGCHLD) received from 26
2023/04/18 04:16:09 [notice] 1#1: worker process 29 exited with code 0
2023/04/18 04:16:09 [notice] 1#1: exit
2023/04/18 04:35:08 [notice] 1#1: using the "epoll" event method
2023/04/18 04:35:08 [notice] 1#1: nginx/1.23.1
2023/04/18 04:35:08 [notice] 1#1: built by gcc 10.2.1 20210110 (Debian 10.2.1-6) 
2023/04/18 04:35:08 [notice] 1#1: OS: Linux 5.10.104-linuxkit
2023/04/18 04:35:08 [notice] 1#1: getrlimit(RLIMIT_NOFILE): 1048576:1048576
2023/04/18 04:35:08 [notice] 1#1: start worker processes
2023/04/18 04:35:08 [notice] 1#1: start worker process 22
2023/04/18 04:35:08 [notice] 1#1: start worker process 23
2023/04/18 04:35:08 [notice] 1#1: start worker process 24
2023/04/18 04:35:08 [notice] 1#1: start worker process 25
2023/04/18 04:35:08 [notice] 1#1: start worker process 26
2023/04/18 04:35:08 [notice] 1#1: start worker process 27
2023/04/18 04:35:08 [notice] 1#1: start worker process 28
2023/04/18 04:35:08 [notice] 1#1: start worker process 29
2023/04/19 01:48:31 [notice] 1#1: using the "epoll" event method
2023/04/19 01:48:31 [notice] 1#1: nginx/1.23.1
2023/04/19 01:48:31 [notice] 1#1: built by gcc 10.2.1 20210110 (Debian 10.2.1-6) 
2023/04/19 01:48:31 [notice] 1#1: OS: Linux 5.10.104-linuxkit
2023/04/19 01:48:31 [notice] 1#1: getrlimit(RLIMIT_NOFILE): 1048576:1048576
2023/04/19 01:48:31 [notice] 1#1: start worker processes
2023/04/19 01:48:31 [notice] 1#1: start worker process 22
2023/04/19 01:48:31 [notice] 1#1: start worker process 23
2023/04/19 01:48:31 [notice] 1#1: start worker process 24
2023/04/19 01:48:31 [notice] 1#1: start worker process 25
2023/04/19 01:48:31 [notice] 1#1: start worker process 26
2023/04/19 01:48:31 [notice] 1#1: start worker process 27
2023/04/19 01:48:31 [notice] 1#1: start worker process 28
2023/04/19 01:48:31 [notice] 1#1: start worker process 29
2023/04/19 08:36:09 [notice] 1#1: signal 3 (SIGQUIT) received, shutting down
2023/04/19 08:36:09 [notice] 24#24: gracefully shutting down
2023/04/19 08:36:09 [notice] 25#25: gracefully shutting down
2023/04/19 08:36:09 [notice] 22#22: gracefully shutting down
2023/04/19 08:36:09 [notice] 23#23: gracefully shutting down
2023/04/19 08:36:09 [notice] 28#28: gracefully shutting down
2023/04/19 08:36:09 [notice] 26#26: gracefully shutting down
2023/04/19 08:36:09 [notice] 27#27: gracefully shutting down
2023/04/19 08:36:09 [notice] 22#22: exiting
2023/04/19 08:36:09 [notice] 29#29: gracefully shutting down
2023/04/19 08:36:09 [notice] 25#25: exiting
2023/04/19 08:36:09 [notice] 24#24: exiting
2023/04/19 08:36:09 [notice] 26#26: exiting
2023/04/19 08:36:09 [notice] 27#27: exiting
2023/04/19 08:36:09 [notice] 28#28: exiting
2023/04/19 08:36:09 [notice] 28#28: exit
2023/04/19 08:36:09 [notice] 23#23: exiting
2023/04/19 08:36:09 [notice] 29#29: exiting
2023/04/19 08:36:09 [notice] 24#24: exit
2023/04/19 08:36:09 [notice] 25#25: exit
2023/04/19 08:36:09 [notice] 26#26: exit
2023/04/19 08:36:09 [notice] 22#22: exit
2023/04/19 08:36:09 [notice] 27#27: exit
2023/04/19 08:36:09 [notice] 23#23: exit
2023/04/19 08:36:09 [notice] 29#29: exit
2023/04/19 08:36:10 [notice] 1#1: signal 17 (SIGCHLD) received from 25
2023/04/19 08:36:10 [notice] 1#1: worker process 24 exited with code 0
2023/04/19 08:36:10 [notice] 1#1: worker process 25 exited with code 0
2023/04/19 08:36:10 [notice] 1#1: worker process 27 exited with code 0
2023/04/19 08:36:10 [notice] 1#1: worker process 23 exited with code 0
2023/04/19 08:36:10 [notice] 1#1: worker process 22 exited with code 0
2023/04/19 08:36:10 [notice] 1#1: worker process 26 exited with code 0
2023/04/19 08:36:10 [notice] 1#1: worker process 28 exited with code 0
2023/04/19 08:36:10 [notice] 1#1: worker process 29 exited with code 0
2023/04/19 08:36:10 [notice] 1#1: exit
2023/04/19 08:47:12 [notice] 1#1: using the "epoll" event method
2023/04/19 08:47:12 [notice] 1#1: nginx/1.23.1
2023/04/19 08:47:12 [notice] 1#1: built by gcc 10.2.1 20210110 (Debian 10.2.1-6) 
2023/04/19 08:47:12 [notice] 1#1: OS: Linux 5.10.104-linuxkit
2023/04/19 08:47:12 [notice] 1#1: getrlimit(RLIMIT_NOFILE): 1048576:1048576
2023/04/19 08:47:12 [notice] 1#1: start worker processes
2023/04/19 08:47:12 [notice] 1#1: start worker process 22
2023/04/19 08:47:12 [notice] 1#1: start worker process 23
2023/04/19 08:47:12 [notice] 1#1: start worker process 24
2023/04/19 08:47:12 [notice] 1#1: start worker process 25
2023/04/19 08:47:12 [notice] 1#1: start worker process 26
2023/04/19 08:47:12 [notice] 1#1: start worker process 27
2023/04/19 08:47:12 [notice] 1#1: start worker process 28
2023/04/19 08:47:12 [notice] 1#1: start worker process 29
